proguard/seeds.txt
com.umeng.socialize.location.GetLocationTask
com.umeng.socialize.location.GetLocationTask: com.umeng.socialize.location.DefaultLocationProvider mProvider
com.umeng.socialize.location.GetLocationTask: java.lang.String LOG_TAG
com.umeng.socialize.location.GetLocationTask: GetLocationTask(com.umeng.socialize.location.DefaultLocationProvider)
com.umeng.socialize.location.GetLocationTask: android.location.Location doInBackground(java.lang.Void[])
com.umeng.socialize.location.GetLocationTask: android.location.Location getLocationBuffer()
com.umeng.socialize.location.GetLocationTask: java.lang.Object doInBackground(java.lang.Object[])
com.umeng.socialize.location.SocializeLocationListener
com.umeng.socialize.location.SocializeLocationListener: com.umeng.socialize.location.DefaultLocationProvider mLocationProvider
com.umeng.socialize.location.SocializeLocationListener: SocializeLocationListener()
com.umeng.socialize.location.SocializeLocationListener: void onStatusChanged(java.lang.String,int,android.os.Bundle)
com.umeng.socialize.location.SocializeLocationListener: void onProviderEnabled(java.lang.String)
com.umeng.socialize.location.SocializeLocationListener: void onProviderDisabled(java.lang.String)
com.umeng.socialize.location.SocializeLocationListener: void onLocationChanged(android.location.Location)
com.umeng.socialize.location.SocializeLocationListener: void setLocationProvider(com.umeng.socialize.location.DefaultLocationProvider)
com.umeng.socialize.location.SocializeLocationManager
com.umeng.socialize.location.SocializeLocationManager: android.location.LocationManager mLocationManager
com.umeng.socialize.location.SocializeLocationManager: SocializeLocationManager()
com.umeng.socialize.location.SocializeLocationManager: void init(android.content.Context)
com.umeng.socialize.location.SocializeLocationManager: java.lang.String getBestProvider(android.location.Criteria,boolean)
com.umeng.socialize.location.SocializeLocationManager: android.location.Location getLastKnownLocation(java.lang.String)
com.umeng.socialize.location.SocializeLocationManager: boolean isProviderEnabled(java.lang.String)
com.umeng.socialize.location.SocializeLocationManager: void requestLocationUpdates(android.app.Activity,java.lang.String,long,float,android.location.LocationListener)
com.umeng.socialize.location.SocializeLocationManager: void removeUpdates(android.location.LocationListener)
com.umeng.socialize.location.SocializeLocationProvider
com.umeng.socialize.location.SocializeLocationProvider: android.location.Location getLocation()
com.umeng.socialize.media.BaseMediaObject
com.umeng.socialize.media.BaseMediaObject: java.lang.String a
com.umeng.socialize.media.BaseMediaObject: java.lang.String b
com.umeng.socialize.media.BaseMediaObject: java.lang.String c
com.umeng.socialize.media.BaseMediaObject: java.lang.String d
com.umeng.socialize.media.BaseMediaObject: java.lang.String e
com.umeng.socialize.media.BaseMediaObject: java.lang.String f
com.umeng.socialize.media.BaseMediaObject: int g
com.umeng.socialize.media.BaseMediaObject: BaseMediaObject(java.lang.String)
com.umeng.socialize.media.BaseMediaObject: java.lang.String toUrl()
com.umeng.socialize.media.BaseMediaObject: void setMediaUrl(java.lang.String)
com.umeng.socialize.media.BaseMediaObject: boolean isUrlMedia()
com.umeng.socialize.media.BaseMediaObject: int describeContents()
com.umeng.socialize.media.BaseMediaObject: void writeToParcel(android.os.Parcel,int)
com.umeng.socialize.media.BaseMediaObject: java.lang.String getTitle()
com.umeng.socialize.media.BaseMediaObject: void setTitle(java.lang.String)
com.umeng.socialize.media.BaseMediaObject: java.lang.String getThumb()
com.umeng.socialize.media.BaseMediaObject: void setThumb(java.lang.String)
com.umeng.socialize.media.BaseMediaObject: void setTargetUrl(java.lang.String)
com.umeng.socialize.media.BaseMediaObject: java.lang.String getTargetUrl()
com.umeng.socialize.media.BaseMediaObject: BaseMediaObject(android.os.Parcel)