proguard/mapping.txt
com.umeng.socialize.view.ae -> com.umeng.socialize.view.f:
    com.umeng.socialize.view.ShareActivity a -> a
    void afterTextChanged(android.text.Editable) -> afterTextChanged
    void beforeTextChanged(java.lang.CharSequence,int,int,int) -> beforeTextChanged
    void onTextChanged(java.lang.CharSequence,int,int,int) -> onTextChanged
com.umeng.socialize.view.af -> com.umeng.socialize.view.g:
    com.umeng.socialize.view.ShareActivity a -> a
    void onStart() -> onStart
    void onComplete(com.umeng.socialize.bean.SHARE_MEDIA,int,com.umeng.socialize.bean.SocializeEntity) -> onComplete
com.umeng.socialize.view.ag -> com.umeng.socialize.view.h:
    com.umeng.socialize.view.ShareActivity a -> a
    void onClick(android.view.View) -> onClick
com.umeng.socialize.view.ah -> com.umeng.socialize.view.i:
    com.umeng.socialize.view.ShareActivity a -> a
    com.umeng.socialize.media.UMImage b -> b
    int c -> c
    android.graphics.Bitmap a() -> a
    void a(android.graphics.Bitmap) -> a
    void onPostExecute(java.lang.Object) -> onPostExecute
    java.lang.Object doInBackground() -> doInBackground
com.umeng.socialize.view.ai -> com.umeng.socialize.view.ai:
    android.content.Context a -> a
    com.umeng.socialize.view.abs.b b -> b
    com.umeng.socialize.controller.UMSocialService c -> c
    com.umeng.socialize.bean.SocializeConfig d -> d
    com.umeng.socialize.view.wigets.a a() -> a
    void showAtLocation(android.view.View,int,int,int) -> showAtLocation
    void dismiss() -> dismiss
    android.content.Context a(com.umeng.socialize.view.ai) -> a
    com.umeng.socialize.controller.UMSocialService b(com.umeng.socialize.view.ai) -> b
com.umeng.socialize.view.aj -> com.umeng.socialize.view.k:
    com.umeng.socialize.view.ai a -> a
    java.util.List b -> b
    android.view.View a(int,android.view.ViewGroup) -> a
    void a(android.view.View,com.umeng.socialize.bean.SnsPlatform) -> a
    void a(com.umeng.socialize.bean.SnsPlatform,com.umeng.socialize.bean.SHARE_MEDIA) -> a
    void a(com.umeng.socialize.bean.SnsPlatform) -> a
    java.lang.Object a(int) -> a
    int a() -> a
    void a(com.umeng.socialize.view.aj,com.umeng.socialize.bean.SnsPlatform,com.umeng.socialize.bean.SHARE_MEDIA) -> a
    com.umeng.socialize.view.ai a(com.umeng.socialize.view.aj) -> a
com.umeng.socialize.view.ak -> com.umeng.socialize.view.l:
    com.umeng.socialize.view.aj a -> a
    com.umeng.socialize.bean.SnsPlatform b -> b
    void onClick(android.view.View) -> onClick
com.umeng.socialize.view.b -> com.umeng.socialize.view.m:
    com.umeng.socialize.view.a a -> a
    void onClick(android.view.View) -> onClick
com.umeng.socialize.view.c -> com.umeng.socialize.view.n:
    com.umeng.socialize.view.LoginAgent a -> a
    void onClick(android.view.View) -> onClick
com.umeng.socialize.view.d -> com.umeng.socialize.view.o:
    com.umeng.socialize.view.LoginAgent a -> a
    void a() -> a
    void b() -> b
com.umeng.socialize.view.e -> com.umeng.socialize.view.p:
    com.umeng.socialize.view.LoginAgent a -> a
    com.umeng.socialize.bean.SnsPlatform b -> b
    void onClick(android.view.View) -> onClick
    com.umeng.socialize.view.LoginAgent a(com.umeng.socialize.view.e) -> a
com.umeng.socialize.view.f -> com.umeng.socialize.view.q:
    com.umeng.socialize.view.e a -> a
    com.umeng.socialize.bean.SHARE_MEDIA b -> b
    void onError(com.umeng.socialize.exception.SocializeException,com.umeng.socialize.bean.SHARE_MEDIA) -> onError
    void onComplete(android.os.Bundle,com.umeng.socialize.bean.SHARE_MEDIA) -> onComplete
    void onCancel(com.umeng.socialize.bean.SHARE_MEDIA) -> onCancel
    void onStart(com.umeng.socialize.bean.SHARE_MEDIA) -> onStart
com.umeng.socialize.view.g -> com.umeng.socialize.view.r:
    com.umeng.socialize.view.LoginAgent a -> a
    com.umeng.socialize.bean.SHARE_MEDIA b -> b
    void onStart() -> onStart
    void onComplete(int,com.umeng.socialize.bean.SocializeEntity) -> onComplete