proguard/usage.txt
aym.view.upanddownload.UpAndDownLoadView$3
aym.view.uploadvideoorimg.UpVOIParamsName
com.baidu.location.Jni:
    Jni()
com.baidu.location.a
com.baidu.location.ac
com.baidu.location.af:
    af()
com.baidu.location.ag
com.baidu.location.ai:
    private static final int f0
com.baidu.location.ak:
    public int bn()
    public java.lang.String bm()
com.baidu.location.al$a:
    public static final int if
    public static final int do
    public static final int for
com.baidu.location.al$b:
    private static final java.lang.String dg
    private static final java.lang.String de
    private static final java.lang.String dj
    private static final java.lang.String df
    private static final java.lang.String dl
    private static final java.lang.String dh
    private static final java.lang.String dc
    private static final int dd
com.baidu.location.am
com.baidu.location.an:
    public static final java.lang.String l
    public static final int I
    public static final int goto
    public static final int byte
    public static final int n
    public static final int u
    public static final int R
    public static final int g
    public static final int O
    public static final int T
    public static final int b
    public static final int H
    public static final int c
    public static final int t
    public static final int N
    public static final int J
    public static final int r
    public static final int e
    public static final int try
    public static final int void
    public static final int s
    public static final int q
    public static final int k
    public static final int A
    public static final int h
    public static final int long
    public static final int F
    public static final int i
    public static final int G
    public static final int D
    public static final int E
    public static final int C
    public static final int p
    public static final int P
    public static final int x
    public static final int v
    public static final int Q
    public static final int K
    public static final int z
    public static final int B
    public static final int y
    public static final int else
    public static final int o
    public static final int j
    public static final int case
    public static final int w
    public static final int d
    public static final int new
com.baidu.location.ao:
    public void bB()
    public void by()
com.baidu.location.aq$a:
    private static final java.lang.String dp
    private static final java.lang.String ds
    private static final java.lang.String dr
    private static final java.lang.String dt
    private static final java.lang.String dv
com.baidu.location.b:
    public static final boolean aA
    b()
    static float if(java.lang.String,java.lang.String,java.lang.String)
    static double for(java.lang.String,java.lang.String,java.lang.String)
    static java.lang.String if(java.lang.String,java.lang.String,java.lang.String,double)
    static java.lang.String for()
    public static void if(java.lang.String)
    public static void do(java.lang.String)
com.baidu.location.b.a.b$a:
    private static final java.lang.String do
com.baidu.location.d:
    public void for()
com.baidu.location.g:
    public boolean void()
    public void goto()
com.baidu.location.g$a:
    public void a()
com.baidu.location.h:
    private static final int bK
    private static final int bL
    private static final int bD
    public static final java.lang.String br
    public void o()
com.baidu.location.j
com.baidu.location.k